<?xml version="1.0" encoding="UTF-8"?>
<testng-results skipped="0" failed="0" total="1" passed="1">
  <reporter-output>
  </reporter-output>
  <suite name="Default suite" duration-ms="64" started-at="2018-09-15T10:44:14Z" finished-at="2018-09-15T10:44:14Z">
    <groups>
    </groups>
    <test name="Default test" duration-ms="64" started-at="2018-09-15T10:44:14Z" finished-at="2018-09-15T10:44:14Z">
      <class name="MyPack.OrderOfAnnotationExecutionInTestNg">
        <test-method status="PASS" signature="beforeSuite()[pri:0, instance:MyPack.OrderOfAnnotationExecutionInTestNg@4520ebad]" name="beforeSuite" is-config="true" duration-ms="15" started-at="2018-09-15T16:14:14Z" finished-at="2018-09-15T16:14:14Z">
          <reporter-output>
          </reporter-output>
        </test-method> <!-- beforeSuite -->
        <test-method status="PASS" signature="beforeTest()[pri:0, instance:MyPack.OrderOfAnnotationExecutionInTestNg@4520ebad]" name="beforeTest" is-config="true" duration-ms="0" started-at="2018-09-15T16:14:14Z" finished-at="2018-09-15T16:14:14Z">
          <reporter-output>
          </reporter-output>
        </test-method> <!-- beforeTest -->
        <test-method status="PASS" signature="beforeClass()[pri:0, instance:MyPack.OrderOfAnnotationExecutionInTestNg@4520ebad]" name="beforeClass" is-config="true" duration-ms="0" started-at="2018-09-15T16:14:14Z" finished-at="2018-09-15T16:14:14Z">
          <reporter-output>
          </reporter-output>
        </test-method> <!-- beforeClass -->
        <test-method status="PASS" signature="beforeMethod()[pri:0, instance:MyPack.OrderOfAnnotationExecutionInTestNg@4520ebad]" name="beforeMethod" is-config="true" duration-ms="0" started-at="2018-09-15T16:14:14Z" finished-at="2018-09-15T16:14:14Z">
          <reporter-output>
          </reporter-output>
        </test-method> <!-- beforeMethod -->
        <test-method status="PASS" signature="f()[pri:0, instance:MyPack.OrderOfAnnotationExecutionInTestNg@4520ebad]" name="f" duration-ms="16" started-at="2018-09-15T16:14:14Z" finished-at="2018-09-15T16:14:14Z">
          <reporter-output>
          </reporter-output>
        </test-method> <!-- f -->
        <test-method status="PASS" signature="afterClass()[pri:0, instance:MyPack.OrderOfAnnotationExecutionInTestNg@4520ebad]" name="afterClass" is-config="true" duration-ms="0" started-at="2018-09-15T16:14:14Z" finished-at="2018-09-15T16:14:14Z">
          <reporter-output>
          </reporter-output>
        </test-method> <!-- afterClass -->
        <test-method status="PASS" signature="afterTest()[pri:0, instance:MyPack.OrderOfAnnotationExecutionInTestNg@4520ebad]" name="afterTest" is-config="true" duration-ms="0" started-at="2018-09-15T16:14:14Z" finished-at="2018-09-15T16:14:14Z">
          <reporter-output>
          </reporter-output>
        </test-method> <!-- afterTest -->
        <test-method status="PASS" signature="afterMethod()[pri:0, instance:MyPack.OrderOfAnnotationExecutionInTestNg@4520ebad]" name="afterMethod" is-config="true" duration-ms="0" started-at="2018-09-15T16:14:14Z" finished-at="2018-09-15T16:14:14Z">
          <reporter-output>
          </reporter-output>
        </test-method> <!-- afterMethod -->
        <test-method status="PASS" signature="afterSuite()[pri:0, instance:MyPack.OrderOfAnnotationExecutionInTestNg@4520ebad]" name="afterSuite" is-config="true" duration-ms="0" started-at="2018-09-15T16:14:14Z" finished-at="2018-09-15T16:14:14Z">
          <reporter-output>
          </reporter-output>
        </test-method> <!-- afterSuite -->
      </class> <!-- MyPack.OrderOfAnnotationExecutionInTestNg -->
    </test> <!-- Default test -->
  </suite> <!-- Default suite -->
</testng-results>
