<?xml version="1.0" encoding="UTF-8"?>
<testng-results skipped="0" failed="0" total="1" passed="1">
  <reporter-output>
  </reporter-output>
  <suite name="Default suite" duration-ms="12557" started-at="2018-03-24T10:02:50Z" finished-at="2018-03-24T10:03:02Z">
    <groups>
    </groups>
    <test name="Default test" duration-ms="12557" started-at="2018-03-24T10:02:50Z" finished-at="2018-03-24T10:03:02Z">
      <class name="Concept1.TestScriptInChrome">
        <test-method status="PASS" signature="setup()[pri:0, instance:Concept1.TestScriptInChrome@d2cc05a]" name="setup" is-config="true" duration-ms="32" started-at="2018-03-24T15:32:50Z" finished-at="2018-03-24T15:32:50Z">
          <reporter-output>
          </reporter-output>
        </test-method> <!-- setup -->
        <test-method status="PASS" signature="testChrome()[pri:0, instance:Concept1.TestScriptInChrome@d2cc05a]" name="testChrome" duration-ms="12487" started-at="2018-03-24T15:32:50Z" finished-at="2018-03-24T15:33:02Z">
          <reporter-output>
          </reporter-output>
        </test-method> <!-- testChrome -->
      </class> <!-- Concept1.TestScriptInChrome -->
    </test> <!-- Default test -->
  </suite> <!-- Default suite -->
</testng-results>
